<?xml version="1.0" encoding="UTF-8"?>
<!-- Generated by org.testng.reporters.JUnitReportReporter -->
<testsuite hostname="tasnim-abdulsamad" failures="0" tests="1" name="automation_exercise.tests.SignupandLoginTests" time="24.592" errors="0" timestamp="2024-12-11T20:51:01 EET" skipped="0">
  <testcase classname="automation_exercise.tests.SignupandLoginTests" name="RegisterUser" time="24.592"/>
</testsuite> <!-- automation_exercise.tests.SignupandLoginTests -->
